# JRE version: Java(TM) SE Runtime Environment (8.0_202-b08) (build 1.8.0_202-b08)
# Java VM: Java HotSpot(TM) 64-Bit Server VM (25.202-b08 mixed mode windows-amd64 compressed oops)
Heap:
 PSYoungGen      total 349696K, used 277652K [0x00000000e0000000, 0x0000000100000000, 0x0000000100000000)
  eden space 175104K, 58% used [0x00000000e0000000,0x00000000e64a9180,0x00000000eab00000)
  from space 174592K, 99% used [0x00000000f5580000,0x00000000ffffc020,0x0000000100000000)
  to   space 174592K, 0% used [0x00000000eab00000,0x00000000eab00000,0x00000000f5580000)
 ParOldGen       total 758784K, used 663931K [0x00000000a0000000, 0x00000000ce500000, 0x00000000e0000000)
  object space 758784K, 87% used [0x00000000a0000000,0x00000000c885eec8,0x00000000ce500000)
 Metaspace       used 101418K, capacity 106544K, committed 106880K, reserved 1142784K
  class space    used 12693K, capacity 13847K, committed 13952K, reserved 1048576K
GC Heap History (10 events):
Event: 3419.585 GC heap before
{Heap before GC invocations=121 (full 13):
 PSYoungGen      total 359936K, used 284388K [0x00000000e0000000, 0x00000000ff300000, 0x0000000100000000)
  eden space 216064K, 100% used [0x00000000e0000000,0x00000000ed300000,0x00000000ed300000)
  from space 143872K, 47% used [0x00000000ed300000,0x00000000f15b9260,0x00000000f5f80000)
  to   space 141312K, 0% used [0x00000000f6900000,0x00000000f6900000,0x00000000ff300000)
 ParOldGen       total 758784K, used 612442K [0x00000000a0000000, 0x00000000ce500000, 0x00000000e0000000)
  object space 758784K, 80% used [0x00000000a0000000,0x00000000c5616ba8,0x00000000ce500000)
 Metaspace       used 101403K, capacity 106544K, committed 106880K, reserved 1142784K
  class space    used 12693K, capacity 13847K, committed 13952K, reserved 1048576K
Event: 3420.441 GC heap after
Heap after GC invocations=121 (full 13):
 PSYoungGen      total 366592K, used 84769K [0x00000000e0000000, 0x00000000ffb00000, 0x0000000100000000)
  eden space 225280K, 0% used [0x00000000e0000000,0x00000000e0000000,0x00000000edc00000)
  from space 141312K, 59% used [0x00000000f6900000,0x00000000fbbc8768,0x00000000ff300000)
  to   space 144384K, 0% used [0x00000000edc00000,0x00000000edc00000,0x00000000f6900000)
 ParOldGen       total 758784K, used 612442K [0x00000000a0000000, 0x00000000ce500000, 0x00000000e0000000)
  object space 758784K, 80% used [0x00000000a0000000,0x00000000c5616ba8,0x00000000ce500000)
 Metaspace       used 101403K, capacity 106544K, committed 106880K, reserved 1142784K
  class space    used 12693K, capacity 13847K, committed 13952K, reserved 1048576K
}
Event: 3426.857 GC heap before
{Heap before GC invocations=122 (full 13):
 PSYoungGen      total 366592K, used 310049K [0x00000000e0000000, 0x00000000ffb00000, 0x0000000100000000)
  eden space 225280K, 100% used [0x00000000e0000000,0x00000000edc00000,0x00000000edc00000)
  from space 141312K, 59% used [0x00000000f6900000,0x00000000fbbc8768,0x00000000ff300000)
  to   space 144384K, 0% used [0x00000000edc00000,0x00000000edc00000,0x00000000f6900000)
 ParOldGen       total 758784K, used 612442K [0x00000000a0000000, 0x00000000ce500000, 0x00000000e0000000)
  object space 758784K, 80% used [0x00000000a0000000,0x00000000c5616ba8,0x00000000ce500000)
 Metaspace       used 101403K, capacity 106544K, committed 106880K, reserved 1142784K
  class space    used 12693K, capacity 13847K, committed 13952K, reserved 1048576K
Event: 3428.845 GC heap after
Heap after GC invocations=122 (full 13):
 PSYoungGen      total 344064K, used 118669K [0x00000000e0000000, 0x0000000100000000, 0x0000000100000000)
  eden space 225280K, 0% used [0x00000000e0000000,0x00000000e0000000,0x00000000edc00000)
  from space 118784K, 99% used [0x00000000edc00000,0x00000000f4fe3618,0x00000000f5000000)
  to   space 159232K, 0% used [0x00000000f6480000,0x00000000f6480000,0x0000000100000000)
 ParOldGen       total 758784K, used 612450K [0x00000000a0000000, 0x00000000ce500000, 0x00000000e0000000)
  object space 758784K, 80% used [0x00000000a0000000,0x00000000c5618ba8,0x00000000ce500000)
 Metaspace       used 101403K, capacity 106544K, committed 106880K, reserved 1142784K
  class space    used 12693K, capacity 13847K, committed 13952K, reserved 1048576K
}
Event: 3434.233 GC heap before
{Heap before GC invocations=123 (full 13):
 PSYoungGen      total 344064K, used 343949K [0x00000000e0000000, 0x0000000100000000, 0x0000000100000000)
  eden space 225280K, 100% used [0x00000000e0000000,0x00000000edc00000,0x00000000edc00000)
  from space 118784K, 99% used [0x00000000edc00000,0x00000000f4fe3618,0x00000000f5000000)
  to   space 159232K, 0% used [0x00000000f6480000,0x00000000f6480000,0x0000000100000000)
 ParOldGen       total 758784K, used 612450K [0x00000000a0000000, 0x00000000ce500000, 0x00000000e0000000)
  object space 758784K, 80% used [0x00000000a0000000,0x00000000c5618ba8,0x00000000ce500000)
 Metaspace       used 101407K, capacity 106544K, committed 106880K, reserved 1142784K
  class space    used 12693K, capacity 13847K, committed 13952K, reserved 1048576K
Event: 3436.467 GC heap after
Heap after GC invocations=123 (full 13):
 PSYoungGen      total 334336K, used 158575K [0x00000000e0000000, 0x0000000100000000, 0x0000000100000000)
  eden space 175104K, 0% used [0x00000000e0000000,0x00000000e0000000,0x00000000eab00000)
  from space 159232K, 99% used [0x00000000f6480000,0x00000000fff5bfb0,0x0000000100000000)
  to   space 174592K, 0% used [0x00000000eab00000,0x00000000eab00000,0x00000000f5580000)
 ParOldGen       total 758784K, used 612450K [0x00000000a0000000, 0x00000000ce500000, 0x00000000e0000000)
  object space 758784K, 80% used [0x00000000a0000000,0x00000000c5618ba8,0x00000000ce500000)
 Metaspace       used 101407K, capacity 106544K, committed 106880K, reserved 1142784K
  class space    used 12693K, capacity 13847K, committed 13952K, reserved 1048576K
}
Event: 3441.141 GC heap before
{Heap before GC invocations=124 (full 13):
 PSYoungGen      total 334336K, used 333679K [0x00000000e0000000, 0x0000000100000000, 0x0000000100000000)
  eden space 175104K, 100% used [0x00000000e0000000,0x00000000eab00000,0x00000000eab00000)
  from space 159232K, 99% used [0x00000000f6480000,0x00000000fff5bfb0,0x0000000100000000)
  to   space 174592K, 0% used [0x00000000eab00000,0x00000000eab00000,0x00000000f5580000)
 ParOldGen       total 758784K, used 612450K [0x00000000a0000000, 0x00000000ce500000, 0x00000000e0000000)
  object space 758784K, 80% used [0x00000000a0000000,0x00000000c5618ba8,0x00000000ce500000)
 Metaspace       used 101407K, capacity 106544K, committed 106880K, reserved 1142784K
  class space    used 12693K, capacity 13847K, committed 13952K, reserved 1048576K
Event: 3443.091 GC heap after
Heap after GC invocations=124 (full 13):
 PSYoungGen      total 349696K, used 174576K [0x00000000e0000000, 0x0000000100000000, 0x0000000100000000)
  eden space 175104K, 0% used [0x00000000e0000000,0x00000000e0000000,0x00000000eab00000)
  from space 174592K, 99% used [0x00000000eab00000,0x00000000f557c050,0x00000000f5580000)
  to   space 174592K, 0% used [0x00000000f5580000,0x00000000f5580000,0x0000000100000000)
 ParOldGen       total 758784K, used 628738K [0x00000000a0000000, 0x00000000ce500000, 0x00000000e0000000)
  object space 758784K, 82% used [0x00000000a0000000,0x00000000c6600af0,0x00000000ce500000)
 Metaspace       used 101407K, capacity 106544K, committed 106880K, reserved 1142784K
  class space    used 12693K, capacity 13847K, committed 13952K, reserved 1048576K
}
Event: 3451.120 GC heap before
{Heap before GC invocations=125 (full 13):
 PSYoungGen      total 349696K, used 349680K [0x00000000e0000000, 0x0000000100000000, 0x0000000100000000)
  eden space 175104K, 100% used [0x00000000e0000000,0x00000000eab00000,0x00000000eab00000)
  from space 174592K, 99% used [0x00000000eab00000,0x00000000f557c050,0x00000000f5580000)
  to   space 174592K, 0% used [0x00000000f5580000,0x00000000f5580000,0x0000000100000000)
 ParOldGen       total 758784K, used 628738K [0x00000000a0000000, 0x00000000ce500000, 0x00000000e0000000)
  object space 758784K, 82% used [0x00000000a0000000,0x00000000c6600af0,0x00000000ce500000)
 Metaspace       used 101407K, capacity 106544K, committed 106880K, reserved 1142784K
  class space    used 12693K, capacity 13847K, committed 13952K, reserved 1048576K
Event: 3455.035 GC heap after
Heap after GC invocations=125 (full 13):
 PSYoungGen      total 349696K, used 174576K [0x00000000e0000000, 0x0000000100000000, 0x0000000100000000)
  eden space 175104K, 0% used [0x00000000e0000000,0x00000000e0000000,0x00000000eab00000)
  from space 174592K, 99% used [0x00000000f5580000,0x00000000ffffc020,0x0000000100000000)
  to   space 174592K, 0% used [0x00000000eab00000,0x00000000eab00000,0x00000000f5580000)
 ParOldGen       total 758784K, used 663931K [0x00000000a0000000, 0x00000000ce500000, 0x00000000e0000000)
  object space 758784K, 87% used [0x00000000a0000000,0x00000000c885eec8,0x00000000ce500000)
 Metaspace       used 101407K, capacity 106544K, committed 106880K, reserved 1142784K
  class space    used 12693K, capacity 13847K, committed 13952K, reserved 1048576K
}

